<?xml version="1.0" encoding="UTF-8"?>
<!-- Generated by org.testng.reporters.JUnitReportReporter -->
<testsuite hostname="LWLT5CD048LZMF" failures="0" tests="1" name="testrunner.ExecuteTests" time="37.189" errors="0" timestamp="2022-04-12T13:28:41 BST" skipped="0">
  <testcase classname="testrunner.ExecuteTests" name="executeTests" time="37.189"/>
  <system-out/>
</testsuite> <!-- testrunner.ExecuteTests -->
